Arguments: 
  C:\Program Files\nodejs\node.exe C:\Program Files (x86)\Yarn\bin\yarn.js install

PATH: 
  C:\Program Files\NVIDIA GPU Computing Toolkit\CUDA\v11.2\bin;C:\Program Files\NVIDIA GPU Computing Toolkit\CUDA\v11.2\libnvvp;C:\Python39\Scripts\;C:\WINDOWS\system32;C:\WINDOWS;C:\WINDOWS\System32\Wbem;C:\WINDOWS\System32\WindowsPowerShell\v1.0\;C:\WINDOWS\System32\OpenSSH\;C:\ProgramData\chocolatey\bin;C:\MinGW\bin;C:\GnuWin32\bin;C:\Program Files\Git\cmd;C:\heroku\bin;C:\Program Files (x86)\Windows Kits\10\Windows Performance Toolkit\;C:\Program Files\dotnet\;C:\Windows\Microsoft.NET\Framework\v3.5;C:\Program Files (x86)\Yarn\bin\;C:\Program Files\PuTTY\;C:\Users\90506\AppData\Local\Programs\Python\Python36;C:\Users\90506\AppData\Local\Programs\Python\Python36\Scripts;C:\Program Files\NVIDIA Corporation\Nsight Compute 2020.3.0\;C:\Program Files (x86)\NVIDIA Corporation\PhysX\Common;C:\Program Files\NVIDIA Corporation\NVIDIA NvDLISR;C:\Program Files\Docker\Docker\resources\bin;C:\ProgramData\DockerDesktop\version-bin;C:\Program Files\nodejs\;C:\Program Files\OpenJDK\openjdk-8u282-b08\bin;C:\Users\90506\AppData\Local\Android\Sdk\platform-tools;C:\Program Files\CMake\bin;C:\Users\90506\AppData\Local\Programs\Python\Python37\Scripts\;C:\Users\90506\AppData\Local\Programs\Python\Python37\;C:\Users\90506\anaconda3;C:\Users\90506\anaconda3\Library\mingw-w64\bin;C:\Users\90506\anaconda3\Library\usr\bin;C:\Users\90506\anaconda3\Library\bin;C:\Users\90506\anaconda3\Scripts;C:\Users\90506\AppData\Local\Microsoft\WindowsApps;C:\Program Files\JetBrains\PyCharm 2020.2.3\bin;;C:\Users\90506\AppData\Local\Programs\Microsoft VS Code\bin;C:\Program Files\heroku\bin;C:\Users\90506\.dotnet\tools;C:\Program Files\JetBrains\CLion 2020.3\bin;;C:\Users\90506\AppData\Local\Yarn\bin;C:\Users\90506\AppData\Roaming\npm;C:\Program Files\OpenJDK\openjdk-8u282-b08\bin\java.exe;C:\Users\90506\AppData\Local\Android\Sdk\platform-tools;

Yarn version: 
  1.22.5

Node version: 
  15.6.0

Platform: 
  win32 x64

Trace: 
  Error: EPERM: operation not permitted, unlink 'C:\Users\90506\AppData\Local\Yarn\Cache\v6\npm-@babel-cli-7.12.13-ae2c6a75fa43f3db4bca0659799b0dfca3f5212b-integrity\node_modules\@babel\cli\.yarn-tarball.tgz'

npm manifest: 
  {
    "name": "scratch-vm",
    "version": "0.2.0",
    "description": "Virtual Machine for Scratch 3.0",
    "author": "Massachusetts Institute of Technology",
    "license": "BSD-3-Clause",
    "homepage": "https://github.com/LLK/scratch-vm#readme",
    "repository": {
      "type": "git",
      "url": "git+ssh://git@github.com/LLK/scratch-vm.git"
    },
    "main": "./dist/node/scratch-vm.js",
    "browser": "./src/index.js",
    "scripts": {
      "build": "npm run docs && webpack --progress --colors --bail",
      "coverage": "tap ./test/{unit,integration}/*.js --coverage --coverage-report=lcov",
      "deploy": "touch playground/.nojekyll && gh-pages -t -d playground -m \"Build for $(git log --pretty=format:%H -n1)\"",
      "docs": "jsdoc -c .jsdoc.json",
      "i18n:src": "mkdirp translations/core && format-message extract --out-file translations/core/en.json src/extensions/**/index.js",
      "i18n:push": "tx-push-src scratch-editor extensions translations/core/en.json",
      "lint": "eslint . && format-message lint src/**/*.js",
      "prepublish": "in-publish && npm run build || not-in-publish",
      "start": "webpack-dev-server",
      "tap": "tap ./test/{unit,integration}/*.js",
      "tap:unit": "tap ./test/unit/*.js",
      "tap:integration": "tap ./test/integration/*.js",
      "test": "npm run lint && npm run docs && npm run tap",
      "watch": "webpack --progress --colors --watch",
      "version": "json -f package.json -I -e \"this.repository.sha = '$(git log -n1 --pretty=format:%H)'\""
    },
    "dependencies": {
      "@vernier/godirect": "1.5.0",
      "arraybuffer-loader": "^1.0.6",
      "atob": "2.1.2",
      "btoa": "1.2.1",
      "canvas-toBlob": "1.0.0",
      "decode-html": "2.0.0",
      "diff-match-patch": "1.0.4",
      "format-message": "6.2.1",
      "htmlparser2": "3.10.0",
      "immutable": "3.8.1",
      "jszip": "^3.1.5",
      "minilog": "3.1.0",
      "nets": "3.2.0",
      "scratch-parser": "5.0.0",
      "scratch-sb1-converter": "0.2.7",
      "scratch-translate-extension-languages": "0.0.20191118205314",
      "text-encoding": "0.7.0",
      "worker-loader": "^1.1.1"
    },
    "devDependencies": {
      "@babel/core": "^7.1.2",
      "@babel/preset-env": "^7.1.0",
      "adm-zip": "0.4.11",
      "babel-eslint": "^10.0.1",
      "babel-loader": "^8.0.4",
      "callsite": "^1.0.0",
      "copy-webpack-plugin": "^4.5.4",
      "docdash": "^1.0.0",
      "eslint": "^5.3.0",
      "eslint-config-scratch": "^5.0.0",
      "expose-loader": "0.7.5",
      "file-loader": "^2.0.0",
      "format-message-cli": "6.2.0",
      "gh-pages": "^1.2.0",
      "in-publish": "^2.0.0",
      "jsdoc": "^3.5.5",
      "json": "^9.0.4",
      "lodash.defaultsdeep": "4.6.1",
      "pngjs": "^3.3.2",
      "scratch-audio": "latest",
      "scratch-blocks": "latest",
      "scratch-l10n": "^3.1.20181129221712",
      "scratch-render": "latest",
      "scratch-storage": "^1.1.0",
      "scratch-svg-renderer": "latest",
      "script-loader": "0.7.2",
      "stats.js": "^0.17.0",
      "tap": "^12.0.1",
      "tiny-worker": "^2.1.1",
      "uglifyjs-webpack-plugin": "1.2.7",
      "webpack": "^4.16.5",
      "webpack-cli": "^3.1.0",
      "webpack-dev-server": "^3.1.5"
    }
  }

yarn manifest: 
  No manifest

Lockfile: 
  No lockfile
